Traceback (most recent call last):
  File "/home/va/Documents/remote/google-maps-scraper/venv/lib/python3.11/site-packages/bose/base_task.py", line 117, in run_task
    self.run(driver)
  File "/home/va/Documents/remote/google-maps-scraper/src/scraper.py", line 229, in run
    result = get_data()
             ^^^^^^^^^^
  File "/home/va/Documents/remote/google-maps-scraper/src/scraper.py", line 208, in get_data
    links = get_links(q)
            ^^^^^^^^^^^^
  File "/home/va/Documents/remote/google-maps-scraper/src/scraper.py", line 117, in get_links
    scroll_till_end(1)
  File "/home/va/Documents/remote/google-maps-scraper/src/scraper.py", line 90, in scroll_till_end
    visit_gmap()
  File "/home/va/Documents/remote/google-maps-scraper/src/scraper.py", line 86, in visit_gmap
    if not driver.is_in_page(endpoint, Wait.LONG * 3):
           ^^^^^^^^^^^^^^^^^^^^^^^^^^^^^^^^^^^^^^^^^^
  File "/home/va/Documents/remote/google-maps-scraper/venv/lib/python3.11/site-packages/bose/boss_driver.py", line 257, in is_in_page
    if check_page(self, target):
       ^^^^^^^^^^^^^^^^^^^^^^^^
  File "/home/va/Documents/remote/google-maps-scraper/venv/lib/python3.11/site-packages/bose/boss_driver.py", line 245, in check_page
    return target in driver.current_url
                     ^^^^^^^^^^^^^^^^^^
  File "/home/va/Documents/remote/google-maps-scraper/venv/lib/python3.11/site-packages/selenium/webdriver/remote/webdriver.py", line 530, in current_url
    return self.execute(Command.GET_CURRENT_URL)["value"]
           ^^^^^^^^^^^^^^^^^^^^^^^^^^^^^^^^^^^^^
  File "/home/va/Documents/remote/google-maps-scraper/venv/lib/python3.11/site-packages/selenium/webdriver/remote/webdriver.py", line 440, in execute
    self.error_handler.check_response(response)
  File "/home/va/Documents/remote/google-maps-scraper/venv/lib/python3.11/site-packages/selenium/webdriver/remote/errorhandler.py", line 245, in check_response
    raise exception_class(message, screen, stacktrace)
selenium.common.exceptions.NoSuchWindowException: Message: no such window: target window already closed
from unknown error: web view not found
  (Session info: chrome=113.0.5672.126)
Stacktrace:
#0 0x555b9e73ab73 <unknown>
#1 0x555b9e483416 <unknown>
#2 0x555b9e45d5fc <unknown>
#3 0x555b9e4e457f <unknown>
#4 0x555b9e4f7596 <unknown>
#5 0x555b9e4df403 <unknown>
#6 0x555b9e4b3f0a <unknown>
#7 0x555b9e4b4ffe <unknown>
#8 0x555b9e6fbc4e <unknown>
#9 0x555b9e6ff8f2 <unknown>
#10 0x555b9e708870 <unknown>
#11 0x555b9e700933 <unknown>
#12 0x555b9e6d475e <unknown>
#13 0x555b9e722e48 <unknown>
#14 0x555b9e722fd7 <unknown>
#15 0x555b9e732e39 <unknown>
#16 0x7f39f6c94b43 <unknown>

