Traceback (most recent call last):
  File "/home/va/Documents/remote/google-maps-scraper/venv/lib/python3.11/site-packages/bose/base_task.py", line 117, in run_task
    self.run(driver)
  File "/home/va/Documents/remote/google-maps-scraper/src/scraper.py", line 278, in run
    result = get_data(self.scroll_times)
             ^^^^^^^^^^^^^^^^^^^^^^^^^^^
  File "/home/va/Documents/remote/google-maps-scraper/src/scraper.py", line 257, in get_data
    links = get_links(q, sc_time)
            ^^^^^^^^^^^^^^^^^^^^^
  File "/home/va/Documents/remote/google-maps-scraper/src/scraper.py", line 131, in get_links
    scroll_till_end(sc_time)
  File "/home/va/Documents/remote/google-maps-scraper/src/scraper.py", line 94, in scroll_till_end
    visit_gmap()
  File "/home/va/Documents/remote/google-maps-scraper/src/scraper.py", line 90, in visit_gmap
    if not driver.is_in_page(endpoint, Wait.LONG * 3):
           ^^^^^^^^^^^^^^^^^^^^^^^^^^^^^^^^^^^^^^^^^^
  File "/home/va/Documents/remote/google-maps-scraper/venv/lib/python3.11/site-packages/bose/boss_driver.py", line 257, in is_in_page
    if check_page(self, target):
       ^^^^^^^^^^^^^^^^^^^^^^^^
  File "/home/va/Documents/remote/google-maps-scraper/venv/lib/python3.11/site-packages/bose/boss_driver.py", line 245, in check_page
    return target in driver.current_url
                     ^^^^^^^^^^^^^^^^^^
  File "/home/va/Documents/remote/google-maps-scraper/venv/lib/python3.11/site-packages/selenium/webdriver/remote/webdriver.py", line 530, in current_url
    return self.execute(Command.GET_CURRENT_URL)["value"]
           ^^^^^^^^^^^^^^^^^^^^^^^^^^^^^^^^^^^^^
  File "/home/va/Documents/remote/google-maps-scraper/venv/lib/python3.11/site-packages/selenium/webdriver/remote/webdriver.py", line 440, in execute
    self.error_handler.check_response(response)
  File "/home/va/Documents/remote/google-maps-scraper/venv/lib/python3.11/site-packages/selenium/webdriver/remote/errorhandler.py", line 245, in check_response
    raise exception_class(message, screen, stacktrace)
selenium.common.exceptions.NoSuchWindowException: Message: no such window: target window already closed
from unknown error: web view not found
  (Session info: chrome=113.0.5672.126)
Stacktrace:
#0 0x556dcdda2b73 <unknown>
#1 0x556dcdaeb416 <unknown>
#2 0x556dcdac55fc <unknown>
#3 0x556dcdb4c57f <unknown>
#4 0x556dcdb5f596 <unknown>
#5 0x556dcdb47403 <unknown>
#6 0x556dcdb1bf0a <unknown>
#7 0x556dcdb1cffe <unknown>
#8 0x556dcdd63c4e <unknown>
#9 0x556dcdd678f2 <unknown>
#10 0x556dcdd70870 <unknown>
#11 0x556dcdd68933 <unknown>
#12 0x556dcdd3c75e <unknown>
#13 0x556dcdd8ae48 <unknown>
#14 0x556dcdd8afd7 <unknown>
#15 0x556dcdd9ae39 <unknown>
#16 0x7fc56e094b43 <unknown>

